生成启动时间为 2016/11/21 16:49:01。
     1>项目“F:\Projects\Server\po\projects\libMessagePack\msgpack.vcxproj”在节点 2 上(Build 个目标)。
     1>ClCompile:
         D:\Program Files (x86)\Microsoft Visual Studio 12.0\VC\bin\CL.exe /c /I. /ZI /nologo /W3 /WX- /Od /Oy- /D WIN32 /D _DEBUG /D _LIB /D _USING_V110_SDK71_ /D _UNICODE /D UNICODE /Gm /EHsc /RTCs /MDd /GS /fp:precise /Zc:wchar_t /Zc:forScope /Fo"Debug.win32\\" /Fd"Debug.win32\vc120.pdb" /Gd /TP /analyze- /errorReport:prompt src\objectc.c src\unpack.c src\version.c src\vrefbuffer.c src\zone.c src\object.cpp
         object.cpp
         zone.c
         vrefbuffer.c
         version.c
         unpack.c
         objectc.c
         正在生成代码...
       Lib:
         D:\Program Files (x86)\Microsoft Visual Studio 12.0\VC\bin\Lib.exe /OUT:"F:\Projects\Server\po\projects\Debug.win32\libMessagePack.lib" /NOLOGO Debug.win32\objectc.obj
         Debug.win32\unpack.obj
         Debug.win32\version.obj
         Debug.win32\vrefbuffer.obj
         Debug.win32\zone.obj
         Debug.win32\object.obj
         msgpack.vcxproj -> F:\Projects\Server\po\projects\Debug.win32\libMessagePack.lib
     1>已完成生成项目“F:\Projects\Server\po\projects\libMessagePack\msgpack.vcxproj”(Build 个目标)的操作。

生成成功。

已用时间 00:00:02.31
