f:\projects\server\po\projects\protobuf\vsprojects\debug\vc120.pdb
f:\projects\server\po\projects\protobuf\vsprojects\debug\vc120.idb
f:\projects\server\po\projects\protobuf\vsprojects\debug\cpp_generator.obj
f:\projects\server\po\projects\protobuf\vsprojects\debug\cpp_helpers.obj
f:\projects\server\po\projects\protobuf\vsprojects\debug\cpp_message.obj
f:\projects\server\po\projects\protobuf\vsprojects\debug\cpp_message_field.obj
f:\projects\server\po\projects\protobuf\vsprojects\debug\cpp_primitive_field.obj
f:\projects\server\po\projects\protobuf\vsprojects\debug\cpp_service.obj
f:\projects\server\po\projects\protobuf\vsprojects\debug\cpp_string_field.obj
f:\projects\server\po\projects\protobuf\vsprojects\debug\java_enum.obj
f:\projects\server\po\projects\protobuf\vsprojects\debug\java_enum_field.obj
f:\projects\server\po\projects\protobuf\vsprojects\debug\java_extension.obj
f:\projects\server\po\projects\protobuf\vsprojects\debug\java_field.obj
f:\projects\server\po\projects\protobuf\vsprojects\debug\java_file.obj
f:\projects\server\po\projects\protobuf\vsprojects\debug\java_generator.obj
f:\projects\server\po\projects\protobuf\vsprojects\debug\java_helpers.obj
f:\projects\server\po\projects\protobuf\vsprojects\debug\java_message.obj
f:\projects\server\po\projects\protobuf\vsprojects\debug\java_message_field.obj
f:\projects\server\po\projects\protobuf\vsprojects\debug\java_primitive_field.obj
f:\projects\server\po\projects\protobuf\vsprojects\debug\java_service.obj
f:\projects\server\po\projects\protobuf\vsprojects\debug\java_string_field.obj
f:\projects\server\po\projects\protobuf\vsprojects\debug\python_generator.obj
f:\projects\server\po\projects\protobuf\vsprojects\debug\java_doc_comment.obj
f:\projects\server\po\projects\protobuf\vsprojects\debug\code_generator.obj
f:\projects\server\po\projects\protobuf\vsprojects\debug\command_line_interface.obj
f:\projects\server\po\projects\protobuf\vsprojects\debug\subprocess.obj
f:\projects\server\po\projects\protobuf\vsprojects\debug\zip_writer.obj
f:\projects\server\po\projects\protobuf\vsprojects\debug\plugin.obj
f:\projects\server\po\projects\protobuf\vsprojects\debug\plugin.pb.obj
f:\projects\server\po\projects\protobuf\vsprojects\debug\cpp_enum.obj
f:\projects\server\po\projects\protobuf\vsprojects\debug\cpp_enum_field.obj
f:\projects\server\po\projects\protobuf\vsprojects\debug\cpp_extension.obj
f:\projects\server\po\projects\protobuf\vsprojects\debug\cpp_field.obj
f:\projects\server\po\projects\protobuf\vsprojects\debug\cpp_file.obj
f:\projects\server\po\projects\server1\debug\libprotoc.lib
f:\projects\server\po\projects\protobuf\vsprojects\debug\atomicops_internals_x86_msvc.obj
f:\projects\server\po\projects\protobuf\vsprojects\debug\coded_stream.obj
f:\projects\server\po\projects\protobuf\vsprojects\debug\common.obj
f:\projects\server\po\projects\protobuf\vsprojects\debug\descriptor.obj
f:\projects\server\po\projects\protobuf\vsprojects\debug\descriptor.pb.obj
f:\projects\server\po\projects\protobuf\vsprojects\debug\descriptor_database.obj
f:\projects\server\po\projects\protobuf\vsprojects\debug\dynamic_message.obj
f:\projects\server\po\projects\protobuf\vsprojects\debug\extension_set.obj
f:\projects\server\po\projects\protobuf\vsprojects\debug\extension_set_heavy.obj
f:\projects\server\po\projects\protobuf\vsprojects\debug\generated_message_reflection.obj
f:\projects\server\po\projects\protobuf\vsprojects\debug\generated_message_util.obj
f:\projects\server\po\projects\protobuf\vsprojects\debug\gzip_stream.obj
f:\projects\server\po\projects\protobuf\vsprojects\debug\importer.obj
f:\projects\server\po\projects\protobuf\vsprojects\debug\message.obj
f:\projects\server\po\projects\protobuf\vsprojects\debug\message_lite.obj
f:\projects\server\po\projects\protobuf\vsprojects\debug\once.obj
f:\projects\server\po\projects\protobuf\vsprojects\debug\parser.obj
f:\projects\server\po\projects\protobuf\vsprojects\debug\printer.obj
f:\projects\server\po\projects\protobuf\vsprojects\debug\reflection_ops.obj
f:\projects\server\po\projects\protobuf\vsprojects\debug\repeated_field.obj
f:\projects\server\po\projects\protobuf\vsprojects\debug\service.obj
f:\projects\server\po\projects\protobuf\vsprojects\debug\stringprintf.obj
f:\projects\server\po\projects\protobuf\vsprojects\debug\structurally_valid.obj
f:\projects\server\po\projects\protobuf\vsprojects\debug\strutil.obj
f:\projects\server\po\projects\protobuf\vsprojects\debug\substitute.obj
f:\projects\server\po\projects\protobuf\vsprojects\debug\text_format.obj
f:\projects\server\po\projects\protobuf\vsprojects\debug\tokenizer.obj
f:\projects\server\po\projects\protobuf\vsprojects\debug\unknown_field_set.obj
f:\projects\server\po\projects\protobuf\vsprojects\debug\wire_format.obj
f:\projects\server\po\projects\protobuf\vsprojects\debug\wire_format_lite.obj
f:\projects\server\po\projects\protobuf\vsprojects\debug\zero_copy_stream.obj
f:\projects\server\po\projects\protobuf\vsprojects\debug\zero_copy_stream_impl.obj
f:\projects\server\po\projects\protobuf\vsprojects\debug\zero_copy_stream_impl_lite.obj
f:\projects\server\po\projects\protobuf\vsprojects\..\..\server1\debug\libprotoc.lib
f:\projects\server\po\projects\protobuf\vsprojects\debug\libprotoc.tlog\cl.command.1.tlog
f:\projects\server\po\projects\protobuf\vsprojects\debug\libprotoc.tlog\cl.read.1.tlog
f:\projects\server\po\projects\protobuf\vsprojects\debug\libprotoc.tlog\cl.write.1.tlog
f:\projects\server\po\projects\protobuf\vsprojects\debug\libprotoc.tlog\lib-link.read.1.tlog
f:\projects\server\po\projects\protobuf\vsprojects\debug\libprotoc.tlog\lib-link.write.1.tlog
f:\projects\server\po\projects\protobuf\vsprojects\debug\libprotoc.tlog\lib.command.1.tlog
