e:\develop\depuquan\libmessagepack\debug.win32\vc120.pdb
e:\develop\depuquan\libmessagepack\debug.win32\vc120.idb
e:\develop\depuquan\libmessagepack\debug.win32\objectc.obj
e:\develop\depuquan\libmessagepack\debug.win32\unpack.obj
e:\develop\depuquan\libmessagepack\debug.win32\version.obj
e:\develop\depuquan\libmessagepack\debug.win32\vrefbuffer.obj
e:\develop\depuquan\libmessagepack\debug.win32\zone.obj
e:\develop\depuquan\libmessagepack\debug.win32\object.obj
e:\develop\depuquan\debug.win32\libmessagepack.lib
e:\develop\depuquan\libmessagepack\debug.win32\vc120_ib_1.idb
e:\develop\depuquan\libmessagepack\debug.win32\vc120_ib_2.idb
e:\develop\depuquan\libmessagepack\debug.win32\vc120_ib_3.idb
e:\develop\depuquan\libmessagepack\debug.win32\vc120_ib_1.pdb
e:\develop\depuquan\libmessagepack\debug.win32\vc120_ib_2.pdb
e:\develop\depuquan\libmessagepack\debug.win32\vc120_ib_3.pdb
e:\develop\depuquan\libmessagepack\debug.win32\libmessagepack.tlog\cl.command.1.tlog
e:\develop\depuquan\libmessagepack\debug.win32\libmessagepack.tlog\cl.read.1.tlog
e:\develop\depuquan\libmessagepack\debug.win32\libmessagepack.tlog\cl.write.1.tlog
e:\develop\depuquan\libmessagepack\debug.win32\libmessagepack.tlog\lib-link.read.1.tlog
e:\develop\depuquan\libmessagepack\debug.win32\libmessagepack.tlog\lib-link.write.1.tlog
e:\develop\depuquan\libmessagepack\debug.win32\libmessagepack.tlog\lib.command.1.tlog
