¡¾2018-05-10 13:11:33¡¿0x1
¡¾2018-05-10 13:11:53¡¿00x1
¡¾2018-05-10 13:12:21¡¿00x1
¡¾2018-05-10 13:14:31¡¿0001
¡¾2018-05-10 13:16:11¡¿0001
¡¾2018-05-10 13:16:12¡¿redis auth success
¡¾2018-05-10 13:16:12¡¿111
¡¾2018-05-10 13:16:13¡¿
/************************************************/
¡¾2018-05-10 13:16:13¡¿socket[gt1] start:5601
¡¾2018-05-10 13:16:13¡¿/************************************************/
¡¾2018-05-10 13:16:13¡¿
/************************************************/
¡¾2018-05-10 13:16:13¡¿client socket start:[ip]:47.104.165.65,[port]:6001
¡¾2018-05-10 13:16:13¡¿/************************************************/
¡¾2018-05-10 13:16:13¡¿Create socket:success,ret:824
¡¾2018-05-10 13:16:13¡¿sendmsg[0x1WWX]:body:servername: "gt1"
seession: "kashdkiuySKJHFKS312skfhksuiie2342"

¡¾2018-05-10 13:16:13¡¿==== connect break up ====
¡¾2018-05-10 13:18:30¡¿0x0001
¡¾2018-05-10 13:19:17¡¿0x1WWX
¡¾2018-05-10 13:22:05¡¿0xXWW1
¡¾2018-05-10 13:24:16¡¿0x1778
¡¾2018-05-10 13:24:40¡¿0x0001
¡¾2018-05-10 13:25:01¡¿0x1778
¡¾2018-05-10 13:25:17¡¿0x1778
¡¾2018-05-10 13:29:10¡¿0x1001
¡¾2018-05-10 13:29:56¡¿0x1F01
¡¾2018-05-10 13:33:31¡¿redis auth success
¡¾2018-05-10 13:33:31¡¿111
