¡¾2018-05-28-23:02:00¡¿******rand.use time:0.10001s******
¡¾2018-05-28-23:02:00¡¿0.[0x00,0x00,0x00,0x00,0x00,0x00,0x00,0x00,0x00,0x09,0x37,0x41,0x41,0x01]:[PI]--[HEI]
¡¾2018-05-28-23:02:00¡¿0.[0x00,0x00,0x00,0x00,0x00,0x00,0x00,0x00,0x02,0x02,0x17,0x18,0x25,0x02]:[PI]--[HEI]
¡¾2018-05-28-23:02:00¡¿0.[0x00,0x00,0x00,0x00,0x00,0x00,0x00,0x00,0x00,0x00,0x00,0x00,0x35,0x03]:[QINGYISE]--[HEI]
¡¾2018-05-28-23:02:00¡¿0.[0x00,0x00,0x00,0x00,0x00,0x00,0x00,0x00,0x00,0x00,0x00,0x18,0x22,0x04]:[QINGYISE]--[HEI]
¡¾2018-05-28-23:02:00¡¿0.[0x00,0x00,0x00,0x00,0x00,0x00,0x00,0x00,0x00,0x00,0x08,0x38,0x39,0x05]:[PI]--[HEI]
¡¾2018-05-28-23:02:00¡¿0.[0x00,0x00,0x00,0x00,0x00,0x00,0x00,0x00,0x00,0x07,0x19,0x22,0x38,0x06]:[PI]--[HEI]
¡¾2018-05-28-23:02:00¡¿0.[0x00,0x00,0x00,0x00,0x00,0x00,0x00,0x00,0x03,0x08,0x09,0x21,0x39,0x07]:[PI]--[RUAN]
¡¾2018-05-28-23:02:00¡¿0.[0x00,0x00,0x00,0x00,0x00,0x02,0x04,0x06,0x19,0x25,0x34,0x35,0x39,0x08]:[PI]--[HEI]
¡¾2018-05-28-23:02:00¡¿0.[0x00,0x00,0x00,0x00,0x00,0x00,0x00,0x00,0x00,0x00,0x07,0x34,0x35,0x09]:[PI]--[HEI]
¡¾2018-05-28-23:02:00¡¿0.[0x00,0x00,0x00,0x00,0x00,0x00,0x00,0x00,0x00,0x00,0x00,0x00,0x24,0x10]:[QINGYISE]--[HEI]
¡¾2018-05-28-23:02:00¡¿0.[0x00,0x00,0x00,0x00,0x00,0x00,0x00,0x00,0x00,0x00,0x00,0x00,0x02,0x11]:[QINGYISE]--[HEI]
¡¾2018-05-28-23:02:00¡¿0.[0x00,0x00,0x00,0x00,0x00,0x00,0x00,0x00,0x00,0x02,0x21,0x23,0x34,0x12]:[PI]--[RUAN]
¡¾2018-05-28-23:02:00¡¿0.[0x00,0x00,0x00,0x00,0x00,0x00,0x00,0x00,0x00,0x00,0x00,0x00,0x03,0x13]:[QINGYISE]--[HEI]
¡¾2018-05-28-23:02:00¡¿0.[0x00,0x00,0x00,0x00,0x00,0x00,0x00,0x00,0x00,0x01,0x08,0x33,0x37,0x14]:[PI]--[HEI]
¡¾2018-05-28-23:02:00¡¿0.[0x00,0x00,0x00,0x00,0x00,0x02,0x19,0x19,0x20,0x20,0x23,0x39,0x49,0x15]:[PI]--[HEI]
¡¾2018-05-28-23:02:00¡¿0.[0x00,0x00,0x00,0x00,0x00,0x00,0x00,0x00,0x00,0x00,0x00,0x05,0x20,0x16]:[PI]--[HEI]
¡¾2018-05-28-23:02:00¡¿0.[0x00,0x00,0x00,0x00,0x00,0x00,0x00,0x00,0x00,0x00,0x03,0x18,0x23,0x17]:[PI]--[HEI]
¡¾2018-05-28-23:02:00¡¿0.[0x00,0x00,0x00,0x00,0x00,0x00,0x00,0x00,0x01,0x19,0x23,0x24,0x37,0x18]:[PI]--[HEI]
¡¾2018-05-28-23:02:00¡¿0.[0x00,0x00,0x00,0x00,0x00,0x00,0x00,0x00,0x00,0x00,0x00,0x00,0x21,0x19]:[QYSPENG]--[RUAN]
¡¾2018-05-28-23:02:00¡¿0.[0x00,0x00,0x00,0x00,0x00,0x00,0x00,0x00,0x00,0x06,0x07,0x35,0x35,0x20]:[PI]--[HEI]
¡¾2018-05-28-23:02:00¡¿0.[0x00,0x00,0x00,0x00,0x00,0x00,0x00,0x00,0x00,0x00,0x00,0x03,0x04,0x21]:[QINGYISE]--[HEI]
¡¾2018-05-28-23:02:00¡¿0.[0x00,0x00,0x00,0x00,0x00,0x00,0x00,0x00,0x00,0x21,0x22,0x35,0x36,0x22]:[PI]--[RUAN]
¡¾2018-05-28-23:02:00¡¿0.[0x00,0x00,0x00,0x02,0x03,0x05,0x09,0x09,0x19,0x20,0x24,0x33,0x40,0x23]:[PI]--[HEI]
¡¾2018-05-28-23:02:00¡¿0.[0x00,0x00,0x00,0x00,0x00,0x00,0x00,0x00,0x00,0x00,0x01,0x01,0x02,0x24]:[QINGYISE]--[HEI]
¡¾2018-05-28-23:02:01¡¿0.[0x00,0x00,0x00,0x00,0x00,0x00,0x00,0x00,0x00,0x00,0x00,0x00,0x35,0x25]:[QINGYISE]--[HEI]
¡¾2018-05-28-23:02:01¡¿0.[0x00,0x00,0x00,0x00,0x00,0x00,0x00,0x00,0x00,0x03,0x04,0x19,0x21,0x26]:[PI]--[RUAN]
¡¾2018-05-28-23:02:01¡¿0.[0x00,0x00,0x00,0x00,0x00,0x05,0x07,0x17,0x18,0x22,0x25,0x33,0x35,0x27]:[PI]--[HEI]
¡¾2018-05-28-23:02:01¡¿0.[0x00,0x00,0x00,0x00,0x00,0x00,0x00,0x00,0x19,0x21,0x24,0x37,0x38,0x28]:[PI]--[RUAN]
¡¾2018-05-28-23:02:01¡¿0.[0x00,0x00,0x00,0x00,0x00,0x00,0x00,0x00,0x00,0x00,0x01,0x21,0x25,0x29]:[PI]--[RUAN]
¡¾2018-05-28-23:02:01¡¿0.[0x00,0x00,0x00,0x00,0x00,0x00,0x00,0x00,0x00,0x00,0x00,0x00,0x20,0x30]:[QINGYISE]--[HEI]
¡¾2018-05-28-23:02:01¡¿0.[0x00,0x00,0x00,0x00,0x00,0x00,0x00,0x00,0x19,0x22,0x25,0x25,0x50,0x31]:[PI]--[HEI]
¡¾2018-05-28-23:02:01¡¿0.[0x00,0x00,0x00,0x00,0x00,0x00,0x00,0x00,0x03,0x04,0x18,0x39,0x49,0x32]:[PI]--[HEI]
¡¾2018-05-28-23:02:01¡¿0.[0x00,0x00,0x00,0x00,0x00,0x00,0x00,0x00,0x00,0x04,0x07,0x35,0x41,0x33]:[PI]--[HEI]
¡¾2018-05-28-23:02:01¡¿0.[0x00,0x00,0x00,0x00,0x00,0x00,0x09,0x35,0x36,0x36,0x38,0x40,0x49,0x34]:[PI]--[HEI]
¡¾2018-05-28-23:02:01¡¿0.[0x00,0x00,0x00,0x00,0x00,0x00,0x00,0x00,0x00,0x05,0x07,0x09,0x18,0x35]:[PI]--[HEI]
¡¾2018-05-28-23:02:01¡¿0.[0x00,0x00,0x00,0x00,0x00,0x00,0x00,0x00,0x00,0x00,0x00,0x03,0x50,0x36]:[PI]--[HEI]
¡¾2018-05-28-23:02:01¡¿0.[0x00,0x00,0x00,0x00,0x00,0x00,0x00,0x00,0x00,0x00,0x20,0x23,0x36,0x37]:[PI]--[HEI]
¡¾2018-05-28-23:02:01¡¿0.[0x00,0x00,0x00,0x00,0x00,0x00,0x00,0x00,0x00,0x04,0x06,0x08,0x17,0x38]:[PI]--[HEI]
¡¾2018-05-28-23:02:01¡¿0.[0x00,0x00,0x00,0x00,0x01,0x02,0x04,0x09,0x18,0x22,0x33,0x34,0x34,0x39]:[PI]--[HEI]
¡¾2018-05-28-23:02:01¡¿0.[0x00,0x00,0x00,0x00,0x00,0x00,0x00,0x00,0x00,0x00,0x00,0x05,0x09,0x40]:[QINGYISE]--[HEI]
¡¾2018-05-28-23:02:01¡¿0.[0x00,0x00,0x00,0x00,0x00,0x00,0x00,0x00,0x00,0x00,0x00,0x00,0x17,0x41]:[QINGYISE]--[HEI]
¡¾2018-05-28-23:02:01¡¿0.[0x00,0x00,0x00,0x00,0x00,0x00,0x00,0x00,0x00,0x00,0x03,0x20,0x40,0x42]:[PI]--[HEI]
¡¾2018-05-28-23:02:01¡¿0.[0x00,0x00,0x00,0x00,0x00,0x00,0x00,0x00,0x00,0x05,0x08,0x17,0x38,0x43]:[PI]--[HEI]
¡¾2018-05-28-23:02:01¡¿0.[0x00,0x00,0x00,0x00,0x00,0x00,0x00,0x00,0x00,0x08,0x22,0x34,0x35,0x44]:[PI]--[HEI]
¡¾2018-05-28-23:02:01¡¿0.[0x00,0x00,0x00,0x00,0x00,0x00,0x00,0x00,0x02,0x07,0x08,0x09,0x33,0x45]:[PI]--[HEI]
¡¾2018-05-28-23:02:02¡¿0.[0x00,0x00,0x00,0x00,0x00,0x00,0x00,0x00,0x01,0x03,0x24,0x35,0x38,0x46]:[PI]--[HEI]
¡¾2018-05-28-23:02:02¡¿0.[0x00,0x00,0x00,0x00,0x00,0x00,0x00,0x01,0x04,0x17,0x33,0x38,0x50,0x47]:[PI]--[HEI]
¡¾2018-05-28-23:02:02¡¿0.[0x00,0x00,0x00,0x00,0x00,0x00,0x00,0x00,0x00,0x00,0x00,0x03,0x33,0x48]:[PI]--[HEI]
¡¾2018-05-28-23:02:02¡¿0.[0x00,0x00,0x00,0x00,0x00,0x00,0x00,0x00,0x00,0x00,0x05,0x24,0x39,0x49]:[PI]--[HEI]
¡¾2018-05-28-23:02:02¡¿0.[0x00,0x00,0x00,0x00,0x00,0x00,0x00,0x00,0x00,0x02,0x19,0x22,0x23,0x50]:[PI]--[HEI]
¡¾2018-05-28-23:02:02¡¿******Hu.use time:2.199126s******
