生成启动时间为 2018/3/2 13:11:35。
     1>项目“F:\GameServers\SQLServer\Server1\Server1.vcxproj”在节点 2 上(Build 个目标)。
     1>C:\Program Files (x86)\MSBuild\Microsoft.Cpp\v4.0\V120\Microsoft.CppBuild.targets(381,5): warning MSB8028: The intermediate directory (Debug\) contains files shared from another project (Server1.vcxproj).  This can lead to incorrect clean and rebuild behavior.
     1>ClCompile:
         D:\Program Files (x86)\Microsoft Visual Studio 12.0\VC\bin\CL.exe /c /I.\Classes /I..\protobuf\vsprojects\Debug /I.\Classes\proto /I"D:\Program Files\mysql\include" /I.\Classes\netjson /I.\curl\include /Zi /nologo /W3 /WX- /sdl /Od /Oy- /D WIN32 /D _DEBUG /D _CONSOLE /D _LIB /D _SCL_SECURE_NO_WARNINGS /D _CRT_SECURE_NO_WARNINGS /D _UNICODE /D UNICODE /Gm /EHsc /RTC1 /MDd /GS /fp:precise /Zc:wchar_t /Zc:forScope /Fo"Debug\\" /Fd"Debug\vc120.pdb" /Gd /TP /analyze- /errorReport:prompt Classes\HttpEvent.cpp Classes\main.cpp Classes\MD5.cpp Classes\netjson\json_reader.cpp Classes\netjson\json_value.cpp Classes\netjson\json_writer.cpp Classes\stdafx.cpp
         正在跳过...(未检测到相关更改)
         stdafx.cpp
         json_writer.cpp
         json_value.cpp
         json_reader.cpp
         MD5.cpp
         main.cpp
         HttpEvent.cpp
       Link:
         D:\Program Files (x86)\Microsoft Visual Studio 12.0\VC\bin\link.exe /ERRORREPORT:PROMPT /OUT:"F:\GameServers\SQLServer\Debug\SQLServer.exe" /INCREMENTAL /NOLOGO /LIBPATH:../../lib ws2_32.lib wsock32.lib ..\Server1\libevent\lib\libevent_core.lib ..\Server1\libevent\lib\libevent_extras.lib ..\Server1\libevent\lib\libevent.lib "D:\Program Files\mysql\lib\libmysql.lib" ..\Debug.win32\libMessagePack.lib ..\curl\prebuilt\win32\libcurl_imp.lib ..\curl\prebuilt\win32\libeay32.lib ..\curl\prebuilt\win32\ssleay32.lib kernel32.lib user32.lib gdi32.lib winspool.lib comdlg32.lib advapi32.lib shell32.lib ole32.lib oleaut32.lib uuid.lib odbc32.lib odbccp32.lib /NODEFAULTLIB:libcmt.lib /MANIFEST /MANIFESTUAC:"level='asInvoker' uiAccess='false'" /manifest:embed /DEBUG /PDB:"F:\GameServers\SQLServer\Debug\SQLServer.pdb" /SUBSYSTEM:CONSOLE /TLBID:1 /DYNAMICBASE /NXCOMPAT /IMPLIB:"F:\GameServers\SQLServer\Debug\SQLServer.lib" /MACHINE:THUMB Debug\HttpEvent.obj
         Debug\main.obj
         Debug\MD5.obj
         Debug\json_reader.obj
         Debug\json_value.obj
         Debug\json_writer.obj
         Debug\stdafx.obj
     1>LINK : warning LNK4012: 值“THUMB”无效，必须是“ARM, EBC, X64, or X86”；已忽略选项
         Server1.vcxproj -> F:\GameServers\SQLServer\Debug\SQLServer.exe
     1>已完成生成项目“F:\GameServers\SQLServer\Server1\Server1.vcxproj”(Build 个目标)的操作。

生成成功。

已用时间 00:00:00.75
